[202ŒŽ2023 01:55:59.989] [Server thread/INFO] [net.minecraft.server.network.ServerGamePacketListenerImpl/]: AKNKSNSYChara lost connection: Disconnected
[202ŒŽ2023 01:55:59.999] [Server thread/INFO] [net.minecraft.server.dedicated.DedicatedServer/]: AKNKSNSYChara left the game
[202ŒŽ2023 01:56:05.141] [Server thread/WARN] [org.valkyrienskies.core.impl.pipelines.VSPhysicsPipelineStage/]: Too many game frames in the game frame queue. Is the physics stage broken?
[202ŒŽ2023 01:56:06.149] [Server thread/WARN] [org.valkyrienskies.core.impl.pipelines.VSPhysicsPipelineStage/]: Too many game frames in the game frame queue. Is the physics stage broken?
[202ŒŽ2023 01:56:07.163] [Server thread/WARN] [org.valkyrienskies.core.impl.pipelines.VSPhysicsPipelineStage/]: Too many game frames in the game frame queue. Is the physics stage broken?
[202ŒŽ2023 01:56:08.174] [Server thread/WARN] [net.minecraft.server.MinecraftServer/]: Can't keep up! Is the server overloaded? Running 2901ms or 58 ticks behind
[202ŒŽ2023 01:56:08.174] [Server thread/WARN] [org.valkyrienskies.core.impl.pipelines.VSPhysicsPipelineStage/]: Too many game frames in the game frame queue. Is the physics stage broken?
[202ŒŽ2023 01:56:10.525] [Server thread/INFO] [net.minecraft.server.dedicated.DedicatedServer/]: Unknown or incomplete command, see below for error
[202ŒŽ2023 01:56:10.525] [Server thread/INFO] [net.minecraft.server.dedicated.DedicatedServer/]: stpstopstop<--[HERE]
[202ŒŽ2023 01:56:11.528] [Server thread/INFO] [net.minecraft.server.dedicated.DedicatedServer/]: Stopping the server
[202ŒŽ2023 01:56:11.574] [Server thread/INFO] [net.minecraft.server.MinecraftServer/]: Stopping server
[202ŒŽ2023 01:56:11.575] [Server thread/INFO] [net.minecraft.server.MinecraftServer/]: Saving players
[202ŒŽ2023 01:56:11.576] [Server thread/INFO] [net.minecraft.server.MinecraftServer/]: Saving worlds
[202ŒŽ2023 01:56:11.600] [Physics thread/WARN] [org.valkyrienskies.core.impl.pipelines.VSPhysicsPipelineBackgroundTask/]: Physics pipeline ending
[202ŒŽ2023 01:56:12.144] [Server thread/INFO] [net.minecraft.server.MinecraftServer/]: Saving chunks for level 'ServerLevel[world]'/minecraft:overworld
[202ŒŽ2023 01:56:12.189] [Server thread/INFO] [net.minecraft.server.MinecraftServer/]: Saving chunks for level 'ServerLevel[world]'/minecraft:the_end
[202ŒŽ2023 01:56:12.193] [Server thread/INFO] [net.minecraft.server.MinecraftServer/]: Saving chunks for level 'ServerLevel[world]'/minecraft:the_nether
[202ŒŽ2023 01:56:12.219] [Server thread/INFO] [net.minecraft.server.MinecraftServer/]: ThreadedAnvilChunkStorage (world): All chunks are saved
[202ŒŽ2023 01:56:12.219] [Server thread/INFO] [net.minecraft.server.MinecraftServer/]: ThreadedAnvilChunkStorage (DIM1): All chunks are saved
[202ŒŽ2023 01:56:12.221] [Server thread/INFO] [net.minecraft.server.MinecraftServer/]: ThreadedAnvilChunkStorage (DIM-1): All chunks are saved
[202ŒŽ2023 01:56:12.222] [Server thread/INFO] [net.minecraft.server.MinecraftServer/]: ThreadedAnvilChunkStorage: All dimensions are saved
